<?xml version="1.0" encoding="UTF-8"?>
<!-- Generated by org.testng.reporters.JUnitReportReporter -->
<testsuite skipped="0" hostname="DESKTOP-RHOFPV4" name="E2E.UAL.HomePageTest" tests="1" failures="0" timestamp="2020-05-14T20:18:59 CDT" time="24.943" errors="0">
  <testcase name="OneWayTripTest" time="24.943" classname="E2E.UAL.HomePageTest"/>
</testsuite> <!-- E2E.UAL.HomePageTest -->
