<?xml version="1.0" encoding="UTF-8"?>
<!-- Generated by org.testng.reporters.JUnitReportReporter -->
<testsuite hostname="DESKTOP-RHOFPV4" name="E2E.UAL.HomePageTest" tests="1" failures="0" timestamp="1 May 2020 05:59:52 GMT" time="7.852" errors="0">
  <testcase name="CreateTrip" time="7.852" classname="E2E.UAL.HomePageTest"/>
</testsuite> <!-- E2E.UAL.HomePageTest -->
